\BOOKMARK [1][-]{section.1}{\376\377\006\071\006\106\006\110\006\047\006\106\000\040\006\063\006\110\006\047\006\104\000\040\006\047\006\110\006\104}{}% 1
\BOOKMARK [2][-]{subsection.1.1}{\376\377\006\071\006\106\006\110\006\047\006\106\000\040\006\050\006\056\006\064\000\040\006\047\006\110\006\104\000\040\006\063\006\110\006\047\006\104\000\040\006\047\006\110\006\104}{section.1}% 2
\BOOKMARK [2][-]{subsection.1.2}{\376\377\006\071\006\106\006\110\006\047\006\106\000\040\006\050\006\056\006\064\000\040\006\057\006\110\006\105\000\040\006\063\006\110\006\047\006\104\000\040\006\047\006\110\006\104}{section.1}% 3
\BOOKMARK [1][-]{section.2}{\376\377\006\071\006\106\006\110\006\047\006\106\000\040\006\063\006\110\006\047\006\104\000\040\006\057\006\110\006\105}{}% 4
\BOOKMARK [1][-]{section.3}{\376\377\006\071\006\106\006\110\006\047\006\106\000\040\006\063\006\110\006\047\006\104\000\040\006\063\006\110\006\105}{}% 5
\BOOKMARK [1][-]{section.4}{\376\377\006\071\006\106\006\110\006\047\006\106\000\040\006\063\006\110\006\047\006\104\000\040\006\206\006\107\006\047\006\061\006\105}{}% 6
\BOOKMARK [1][-]{section.5}{\376\377\006\071\006\106\006\110\006\047\006\106\000\040\006\063\006\110\006\047\006\104\000\040\006\176\006\106\006\054\006\105}{}% 7
\BOOKMARK [1][-]{section.6}{\376\377\006\071\006\106\006\110\006\047\006\106\000\040\006\063\006\110\006\047\006\104\000\040\006\064\006\064\006\105}{}% 8
\BOOKMARK [2][-]{subsection.6.1}{\376\377\006\071\006\106\006\110\006\047\006\106\000\040\006\050\006\056\006\064\000\040\006\047\006\110\006\104\000\040\006\063\006\110\006\047\006\104\000\040\006\064\006\064\006\105}{section.6}% 9
\BOOKMARK [2][-]{subsection.6.2}{\376\377\006\071\006\106\006\110\006\047\006\106\000\040\006\050\006\056\006\064\000\040\006\057\006\110\006\105\000\040\006\063\006\110\006\047\006\104\000\040\006\064\006\064\006\105}{section.6}% 10
\BOOKMARK [1][-]{section.7}{\376\377\006\071\006\106\006\110\006\047\006\106\000\040\006\063\006\110\006\047\006\104\000\040\006\107\006\101\006\052\006\105}{}% 11
\BOOKMARK [1][-]{section.8}{\376\377\006\071\006\106\006\110\006\047\006\106\000\040\006\063\006\110\006\047\006\104\000\040\006\107\006\064\006\052\006\105}{}% 12
\BOOKMARK [2][-]{subsection.8.1}{\376\377\006\071\006\106\006\110\006\047\006\106\000\040\006\050\006\056\006\064\000\040\006\047\006\110\006\104\000\040\006\063\006\110\006\047\006\104\000\040\006\107\006\064\006\052\006\105}{section.8}% 13
\BOOKMARK [2][-]{subsection.8.2}{\376\377\006\071\006\106\006\110\006\047\006\106\000\040\006\050\006\056\006\064\000\040\006\057\006\110\006\105\000\040\006\063\006\110\006\047\006\104\000\040\006\107\006\064\006\052\006\105}{section.8}% 14
\BOOKMARK [2][-]{subsection.8.3}{\376\377\006\071\006\106\006\110\006\047\006\106\000\040\006\050\006\056\006\064\000\040\006\063\006\110\006\105\000\040\006\063\006\110\006\047\006\104\000\040\006\107\006\064\006\052\006\105}{section.8}% 15
\BOOKMARK [1][-]{section.9}{\376\377\006\066\006\105\006\314\006\105\006\107}{}% 16
\BOOKMARK [1][-]{section.10}{\376\377\006\176\006\061\006\063\006\064\000\040\006\063\006\110\006\105\000\040\000-\000\040\006\063\006\314\006\063\006\052\006\105\000\040\006\251\006\106\006\052\006\061\006\104\000\040\006\110\006\066\006\071\006\314\006\052\000\040\006\105\006\110\006\052\006\110\006\061\000\040\000D\000C}{}% 17
\BOOKMARK [2][-]{subsection.10.1}{\376\377\006\105\006\071\006\061\006\101\006\314\000\040\006\063\006\314\006\063\006\052\006\105\000\040\006\110\000\040\006\176\006\047\006\061\006\047\006\105\006\052\006\061\006\107\006\047}{section.10}% 18
\BOOKMARK [2][-]{subsection.10.2}{\376\377\006\050\006\104\006\110\006\251\000\040\006\057\006\314\006\047\006\257\006\061\006\047\006\105\000\040\006\063\006\314\006\063\006\052\006\105}{section.10}% 19
\BOOKMARK [2][-]{subsection.10.3}{\376\377\006\105\006\055\006\047\006\063\006\050\006\047\006\052\000\040\006\057\006\063\006\052\006\314\000\040\006\052\006\047\006\050\006\071\000\040\006\052\006\050\006\057\006\314\006\104}{section.10}% 20
\BOOKMARK [3][-]{subsubsection.10.3.1}{\376\377\006\055\006\104\006\102\006\107\000\040\006\050\006\047\006\062\000\040\000\050\000K\000t\000\040\000=\000\040\0000\000\051}{subsection.10.3}% 21
\BOOKMARK [3][-]{subsubsection.10.3.2}{\376\377\006\055\006\104\006\102\006\107\000\040\006\050\006\063\006\052\006\107\000\040\000\050\000K\000t\000\040\000=\000\040\0001\000\051}{subsection.10.3}% 22
\BOOKMARK [2][-]{subsection.10.4}{\376\377\006\105\006\055\006\047\006\063\006\050\006\047\006\052\000\040\006\050\006\047\000\040\006\047\006\063\006\052\006\101\006\047\006\057\006\107\000\040\006\047\006\062\000\040\006\063\006\314\006\105\006\110\006\104\006\314\006\106\006\251\000\040\006\110\000\040\006\057\006\063\006\052\006\110\006\061\000\040\000l\000i\000n\000m\000o\000d}{section.10}% 23
\BOOKMARK [2][-]{subsection.10.5}{\376\377\006\106\006\052\006\047\006\314\006\054\000\040\006\110\000\040\006\105\006\102\006\047\006\314\006\063\006\107}{section.10}% 24
\BOOKMARK [2][-]{subsection.10.6}{\376\377\006\176\006\047\006\063\006\056\000\040\006\176\006\104\006\107\000\040\006\063\006\314\006\063\006\052\006\105}{section.10}% 25
\BOOKMARK [2][-]{subsection.10.7}{\376\377\006\056\006\067\006\047\006\314\000\040\006\055\006\047\006\104\006\052\000\040\006\105\006\047\006\106\006\057\006\257\006\047\006\061}{section.10}% 26
\BOOKMARK [2][-]{subsection.10.8}{\376\377\006\105\006\055\006\057\006\110\006\057\006\314\006\052\000\040\000K\000a\000\040\006\050\006\061\006\047\006\314\000\040\006\101\006\061\006\047\006\054\006\107\006\064\000\040\006\251\006\105\006\052\006\061\000\040\006\047\006\062\000\040\006\365\000\045}{section.10}% 27
